<?xml version="1.0" encoding="UTF-8"?>
<!-- Generated by org.testng.reporters.JUnitXMLReporter -->
<testsuite ignored="0" hostname="LAPTOP-U7CJ0AMP" failures="0" tests="4" name="Default test" time="36.78" errors="0" timestamp="2020-10-15T16:02:28 IST">
  <testcase classname="com.automationpractice.qa.testcases.SearchResultsPageTest" name="searchForDress" time="4.916"/>
  <testcase classname="com.automationpractice.qa.testcases.SearchResultsPageTest" name="addToCart" time="4.5"/>
  <testcase classname="com.automationpractice.qa.testcases.SearchResultsPageTest" name="clickProceedToCart" time="7.304"/>
  <testcase classname="com.automationpractice.qa.testcases.SearchResultsPageTest" name="increaseTheCartQuantity" time="3.101"/>
</testsuite> <!-- Default test -->
