<?xml version="1.0" encoding="UTF-8"?>
<!-- Generated by org.testng.reporters.JUnitXMLReporter -->
<testsuite ignored="0" hostname="LAPTOP-U7CJ0AMP" failures="0" tests="2" name="Default test" time="45.007" errors="0" timestamp="2020-10-15T00:05:11 IST">
  <testcase classname="com.automationpractice.qa.testcases.HomePageTest" name="searchBoxTest" time="3.848"/>
  <testcase classname="com.automationpractice.qa.testcases.HomePageTest" name="contactUsTest" time="5.45"/>
</testsuite> <!-- Default test -->
