<?xml version="1.0" encoding="UTF-8"?>
<!-- Generated by org.testng.reporters.JUnitXMLReporter -->
<testsuite ignored="0" hostname="LAPTOP-U7CJ0AMP" failures="0" tests="2" name="Command line test" time="25.156" errors="0" timestamp="2020-10-14T01:32:51 IST">
  <testcase classname="com.automationpractice.qa.testcases.HomePageTest" name="searchBoxTest" time="2.011"/>
  <testcase classname="com.automationpractice.qa.testcases.HomePageTest" name="contactUsTest" time="0.854"/>
</testsuite> <!-- Command line test -->
