<?xml version="1.0" encoding="UTF-8"?>
<!-- Generated by org.testng.reporters.JUnitXMLReporter -->
<testsuite ignored="0" hostname="LAPTOP-U7CJ0AMP" failures="0" tests="10" name="Command line test" time="103.558" errors="0" timestamp="2020-10-14T19:12:32 IST">
  <testcase classname="com.automationpractice.qa.testcases.ContactUsPageTest" name="selectSubjectHeading" time="0.944"/>
  <testcase classname="com.automationpractice.qa.testcases.ContactUsPageTest" name="fillOutTheForm" time="1.745"/>
  <testcase classname="com.automationpractice.qa.testcases.ContactUsPageTest" name="fillOutTheForm" time="1.715"/>
  <testcase classname="com.automationpractice.qa.testcases.ContactUsPageTest" name="fillOutTheForm" time="2.044"/>
  <testcase classname="com.automationpractice.qa.testcases.HomePageTest" name="searchBoxTest" time="0.877"/>
  <testcase classname="com.automationpractice.qa.testcases.HomePageTest" name="contactUsTest" time="1.701"/>
  <testcase classname="com.automationpractice.qa.testcases.SearchResultsPageTest" name="searchForDress" time="0.128"/>
  <testcase classname="com.automationpractice.qa.testcases.SearchResultsPageTest" name="addToCart" time="3.432"/>
  <testcase classname="com.automationpractice.qa.testcases.SearchResultsPageTest" name="clickProceedToCart" time="1.632"/>
  <testcase classname="com.automationpractice.qa.testcases.SearchResultsPageTest" name="increaseTheCartQuantity" time="3.099"/>
</testsuite> <!-- Command line test -->
