<?xml version="1.0" encoding="UTF-8" ?>
<testsuite tests="14" failures="2" name="TestSuite" time="61.406" errors="0" skipped="5">
  <properties>
[...]
</properties>
  <testcase classname="com.automationpractice.qa.testcases.ContactUsPageTest" name="selectSubjectHeading" time="1.233"/>
  <testcase classname="com.automationpractice.qa.testcases.ContactUsPageTest" name="fillOutTheForm" time="5.068"/>
  <testcase classname="com.automationpractice.qa.testcases.ContactUsPageTest" name="setUp" time="21.582">
    <failure message="no such element: Unable to locate element: {&quot;method&quot;:&quot;xpath&quot;,&quot;selector&quot;:&quot;//a[@title=&apos;Contact Us&apos;]&quot;}
  (Session info: chrome=86.0.4240.75)
For documentation on this error, please visit: https://www.seleniumhq.org/exceptions/no_such_element.html
Build info: version: &apos;3.141.59&apos;, revision: &apos;e82be7d358&apos;, time: &apos;2018-11-14T08:17:03&apos;
System info: host: &apos;LAPTOP-U7CJ0AMP&apos;, ip: &apos;192.168.0.75&apos;, os.name: &apos;Windows 10&apos;, os.arch: &apos;amd64&apos;, os.version: &apos;10.0&apos;, java.version: &apos;15&apos;
Driver info: org.openqa.selenium.chrome.ChromeDriver
Capabilities {acceptInsecureCerts: false, browserName: chrome, browserVersion: 86.0.4240.75, chrome: {chromedriverVersion: 86.0.4240.22 (398b0743353ff..., userDataDir: C:\Users\mudra\AppData\Loca...}, goog:chromeOptions: {debuggerAddress: localhost:63806}, javascriptEnabled: true, networkConnectionEnabled: false, pageLoadStrategy: normal, platform: WINDOWS, platformName: WINDOWS, proxy: Proxy(), setWindowRect: true, strictFileInteractability: false, timeouts: {implicit: 0, pageLoad: 300000, script: 30000}, unhandledPromptBehavior: dismiss and notify, webauthn:virtualAuthenticators: true}
Session ID: 1141bdbae9570595534f2e75e9e0ed96
*** Element info: {Using=xpath, value=//a[@title=&apos;Contact Us&apos;]}" type="org.openqa.selenium.NoSuchElementException">org.openqa.selenium.NoSuchElementException: no such element: Unable to locate element: {&quot;method&quot;:&quot;xpath&quot;,&quot;selector&quot;:&quot;//a[@title=&apos;Contact Us&apos;]&quot;}
  (Session info: chrome=86.0.4240.75)
For documentation on this error, please visit: https://www.seleniumhq.org/exceptions/no_such_element.html
Build info: version: &apos;3.141.59&apos;, revision: &apos;e82be7d358&apos;, time: &apos;2018-11-14T08:17:03&apos;
System info: host: &apos;LAPTOP-U7CJ0AMP&apos;, ip: &apos;192.168.0.75&apos;, os.name: &apos;Windows 10&apos;, os.arch: &apos;amd64&apos;, os.version: &apos;10.0&apos;, java.version: &apos;15&apos;
Driver info: org.openqa.selenium.chrome.ChromeDriver
Capabilities {acceptInsecureCerts: false, browserName: chrome, browserVersion: 86.0.4240.75, chrome: {chromedriverVersion: 86.0.4240.22 (398b0743353ff..., userDataDir: C:\Users\mudra\AppData\Loca...}, goog:chromeOptions: {debuggerAddress: localhost:63806}, javascriptEnabled: true, networkConnectionEnabled: false, pageLoadStrategy: normal, platform: WINDOWS, platformName: WINDOWS, proxy: Proxy(), setWindowRect: true, strictFileInteractability: false, timeouts: {implicit: 0, pageLoad: 300000, script: 30000}, unhandledPromptBehavior: dismiss and notify, webauthn:virtualAuthenticators: true}
Session ID: 1141bdbae9570595534f2e75e9e0ed96
*** Element info: {Using=xpath, value=//a[@title=&apos;Contact Us&apos;]}
	at java.base/jdk.internal.reflect.NativeConstructorAccessorImpl.newInstance0(Native Method)
	at java.base/jdk.internal.reflect.NativeConstructorAccessorImpl.newInstance(NativeConstructorAccessorImpl.java:64)
	at java.base/jdk.internal.reflect.DelegatingConstructorAccessorImpl.newInstance(DelegatingConstructorAccessorImpl.java:45)
	at java.base/java.lang.reflect.Constructor.newInstanceWithCaller(Constructor.java:500)
	at java.base/java.lang.reflect.Constructor.newInstance(Constructor.java:481)
	at org.openqa.selenium.remote.http.W3CHttpResponseCodec.createException(W3CHttpResponseCodec.java:187)
	at org.openqa.selenium.remote.http.W3CHttpResponseCodec.decode(W3CHttpResponseCodec.java:122)
	at org.openqa.selenium.remote.http.W3CHttpResponseCodec.decode(W3CHttpResponseCodec.java:49)
	at org.openqa.selenium.remote.HttpCommandExecutor.execute(HttpCommandExecutor.java:158)
	at org.openqa.selenium.remote.service.DriverCommandExecutor.execute(DriverCommandExecutor.java:83)
	at org.openqa.selenium.remote.RemoteWebDriver.execute(RemoteWebDriver.java:552)
	at org.openqa.selenium.remote.RemoteWebDriver.findElement(RemoteWebDriver.java:323)
	at org.openqa.selenium.remote.RemoteWebDriver.findElementByXPath(RemoteWebDriver.java:428)
	at org.openqa.selenium.By$ByXPath.findElement(By.java:353)
	at org.openqa.selenium.remote.RemoteWebDriver.findElement(RemoteWebDriver.java:315)
	at org.openqa.selenium.support.pagefactory.DefaultElementLocator.findElement(DefaultElementLocator.java:69)
	at org.openqa.selenium.support.pagefactory.internal.LocatingElementHandler.invoke(LocatingElementHandler.java:38)
	at com.sun.proxy.$Proxy12.click(Unknown Source)
	at com.automationpractice.qa.pages.HomePage.clickOnContactUsBtn(HomePage.java:28)
	at com.automationpractice.qa.testcases.ContactUsPageTest.setUp(ContactUsPageTest.java:27)
</failure>
    <system-err>Starting ChromeDriver 86.0.4240.22 (398b0743353ff36fb1b82468f63a3a93b4e2e89e-refs/branch-heads/4240@{#378}) on port 14382
Only local connections are allowed.
Please see https://chromedriver.chromium.org/security-considerations for suggestions on keeping ChromeDriver safe.
ChromeDriver was started successfully.
Oct 15, 2020 4:03:40 PM org.openqa.selenium.remote.ProtocolHandshake createSession
INFO: Detected dialect: W3C
</system-err>
  </testcase>
  <testcase classname="com.automationpractice.qa.testcases.ContactUsPageTest" name="fillOutTheForm" time="0">
    <skipped/>
  </testcase>
  <testcase classname="com.automationpractice.qa.testcases.ContactUsPageTest" name="closeBrowser" time="0">
    <skipped/>
  </testcase>
  <testcase classname="com.automationpractice.qa.testcases.ContactUsPageTest" name="setUp" time="0">
    <skipped/>
  </testcase>
  <testcase classname="com.automationpractice.qa.testcases.ContactUsPageTest" name="fillOutTheForm" time="0">
    <skipped/>
  </testcase>
  <testcase classname="com.automationpractice.qa.testcases.ContactUsPageTest" name="closeBrowser" time="0">
    <skipped/>
  </testcase>
  <testcase classname="com.automationpractice.qa.testcases.HomePageTest" name="searchBoxTest" time="6.037"/>
  <testcase classname="com.automationpractice.qa.testcases.HomePageTest" name="contactUsTest" time="4.721"/>
  <testcase classname="com.automationpractice.qa.testcases.SearchResultsPageTest" name="searchForDress" time="0.15"/>
  <testcase classname="com.automationpractice.qa.testcases.SearchResultsPageTest" name="addToCart" time="10.705"/>
  <testcase classname="com.automationpractice.qa.testcases.SearchResultsPageTest" name="clickProceedToCart" time="8.778"/>
  <testcase classname="com.automationpractice.qa.testcases.SearchResultsPageTest" name="increaseTheCartQuantity" time="3.132">
    <failure message="expected [2] but found [1]" type="java.lang.AssertionError">java.lang.AssertionError: expected [2] but found [1]
	at org.testng.Assert.fail(Assert.java:99)
	at org.testng.Assert.failNotEquals(Assert.java:1037)
	at org.testng.Assert.assertEqualsImpl(Assert.java:140)
	at org.testng.Assert.assertEquals(Assert.java:122)
	at org.testng.Assert.assertEquals(Assert.java:629)
	at org.testng.Assert.assertEquals(Assert.java:639)
	at com.automationpractice.qa.testcases.SearchResultsPageTest.increaseTheCartQuantity(SearchResultsPageTest.java:61)
</failure>
    <system-out>10-15-2020 16:05:19 SearchResultsPageTest.java INFO  [main] testcases.SearchResultsPageTest 59 - START : increasing the item quantity during checkout test
</system-out>
  </testcase>
</testsuite>