<?xml version="1.0" encoding="UTF-8"?>
<testng-results ignored="0" total="10" passed="10" failed="0" skipped="0">
  <reporter-output>
  </reporter-output>
  <suite started-at="2020-10-14T19:10:49 IST" name="Command line suite" finished-at="2020-10-14T19:12:32 IST" duration-ms="103558">
    <groups>
    </groups>
    <test started-at="2020-10-14T19:10:49 IST" name="Command line test" finished-at="2020-10-14T19:12:32 IST" duration-ms="103558">
      <class name="com.automationpractice.qa.testcases.HomePageTest">
        <test-method is-config="true" signature="setUp()[pri:0, instance:com.automationpractice.qa.testcases.HomePageTest@1d9b7cce]" started-at="2020-10-14T19:11:46 IST" name="setUp" finished-at="2020-10-14T19:11:58 IST" duration-ms="11418" status="PASS">
          <reporter-output>
          </reporter-output>
        </test-method> <!-- setUp -->
        <test-method signature="searchBoxTest(java.lang.String)[pri:0, instance:com.automationpractice.qa.testcases.HomePageTest@1d9b7cce]" started-at="2020-10-14T19:11:58 IST" name="searchBoxTest" data-provider="getSearchDataFromExcel" finished-at="2020-10-14T19:11:59 IST" duration-ms="877" status="PASS">
          <params>
            <param index="0">
              <value>
                <![CDATA[summer dress]]>
              </value>
            </param>
          </params>
          <reporter-output>
          </reporter-output>
        </test-method> <!-- searchBoxTest -->
        <test-method is-config="true" signature="closeBrowser()[pri:0, instance:com.automationpractice.qa.testcases.HomePageTest@1d9b7cce]" started-at="2020-10-14T19:11:59 IST" name="closeBrowser" finished-at="2020-10-14T19:11:59 IST" duration-ms="673" status="PASS">
          <reporter-output>
          </reporter-output>
        </test-method> <!-- closeBrowser -->
        <test-method is-config="true" signature="setUp()[pri:0, instance:com.automationpractice.qa.testcases.HomePageTest@1d9b7cce]" started-at="2020-10-14T19:11:59 IST" name="setUp" finished-at="2020-10-14T19:12:10 IST" duration-ms="10926" status="PASS">
          <reporter-output>
          </reporter-output>
        </test-method> <!-- setUp -->
        <test-method signature="contactUsTest()[pri:2, instance:com.automationpractice.qa.testcases.HomePageTest@1d9b7cce]" started-at="2020-10-14T19:12:10 IST" name="contactUsTest" finished-at="2020-10-14T19:12:12 IST" duration-ms="1701" status="PASS">
          <reporter-output>
          </reporter-output>
        </test-method> <!-- contactUsTest -->
        <test-method is-config="true" signature="closeBrowser()[pri:0, instance:com.automationpractice.qa.testcases.HomePageTest@1d9b7cce]" started-at="2020-10-14T19:12:12 IST" name="closeBrowser" finished-at="2020-10-14T19:12:13 IST" duration-ms="664" status="PASS">
          <reporter-output>
          </reporter-output>
        </test-method> <!-- closeBrowser -->
      </class> <!-- com.automationpractice.qa.testcases.HomePageTest -->
      <class name="com.automationpractice.qa.testcases.SearchResultsPageTest">
        <test-method is-config="true" signature="setUp()[pri:0, instance:com.automationpractice.qa.testcases.SearchResultsPageTest@4d9e68d0]" started-at="2020-10-14T19:12:13 IST" name="setUp" finished-at="2020-10-14T19:12:23 IST" duration-ms="10507" status="PASS">
          <reporter-output>
          </reporter-output>
        </test-method> <!-- setUp -->
        <test-method signature="searchForDress(java.lang.String)[pri:1, instance:com.automationpractice.qa.testcases.SearchResultsPageTest@4d9e68d0]" started-at="2020-10-14T19:12:23 IST" name="searchForDress" data-provider="getSearchDataFromExcel" finished-at="2020-10-14T19:12:23 IST" duration-ms="128" status="PASS">
          <params>
            <param index="0">
              <value>
                <![CDATA[summer dress]]>
              </value>
            </param>
          </params>
          <reporter-output>
          </reporter-output>
        </test-method> <!-- searchForDress -->
        <test-method signature="addToCart()[pri:2, instance:com.automationpractice.qa.testcases.SearchResultsPageTest@4d9e68d0]" started-at="2020-10-14T19:12:23 IST" name="addToCart" finished-at="2020-10-14T19:12:27 IST" duration-ms="3432" status="PASS">
          <reporter-output>
          </reporter-output>
        </test-method> <!-- addToCart -->
        <test-method signature="clickProceedToCart()[pri:3, instance:com.automationpractice.qa.testcases.SearchResultsPageTest@4d9e68d0]" started-at="2020-10-14T19:12:27 IST" name="clickProceedToCart" finished-at="2020-10-14T19:12:28 IST" duration-ms="1632" status="PASS">
          <reporter-output>
          </reporter-output>
        </test-method> <!-- clickProceedToCart -->
        <test-method signature="increaseTheCartQuantity()[pri:4, instance:com.automationpractice.qa.testcases.SearchResultsPageTest@4d9e68d0]" started-at="2020-10-14T19:12:28 IST" name="increaseTheCartQuantity" finished-at="2020-10-14T19:12:31 IST" duration-ms="3099" status="PASS">
          <reporter-output>
          </reporter-output>
        </test-method> <!-- increaseTheCartQuantity -->
        <test-method is-config="true" signature="closeBrowser()[pri:0, instance:com.automationpractice.qa.testcases.SearchResultsPageTest@4d9e68d0]" started-at="2020-10-14T19:12:31 IST" name="closeBrowser" finished-at="2020-10-14T19:12:32 IST" duration-ms="683" status="PASS">
          <reporter-output>
          </reporter-output>
        </test-method> <!-- closeBrowser -->
      </class> <!-- com.automationpractice.qa.testcases.SearchResultsPageTest -->
      <class name="com.automationpractice.qa.testcases.ContactUsPageTest">
        <test-method is-config="true" signature="setUp()[pri:0, instance:com.automationpractice.qa.testcases.ContactUsPageTest@7334aada]" started-at="2020-10-14T19:10:49 IST" name="setUp" finished-at="2020-10-14T19:11:02 IST" duration-ms="13820" status="PASS">
          <reporter-output>
          </reporter-output>
        </test-method> <!-- setUp -->
        <test-method signature="selectSubjectHeading()[pri:1, instance:com.automationpractice.qa.testcases.ContactUsPageTest@7334aada]" started-at="2020-10-14T19:11:02 IST" name="selectSubjectHeading" finished-at="2020-10-14T19:11:03 IST" duration-ms="944" status="PASS">
          <reporter-output>
          </reporter-output>
        </test-method> <!-- selectSubjectHeading -->
        <test-method is-config="true" signature="closeBrowser()[pri:0, instance:com.automationpractice.qa.testcases.ContactUsPageTest@7334aada]" started-at="2020-10-14T19:11:03 IST" name="closeBrowser" finished-at="2020-10-14T19:11:04 IST" duration-ms="662" status="PASS">
          <reporter-output>
          </reporter-output>
        </test-method> <!-- closeBrowser -->
        <test-method is-config="true" signature="setUp()[pri:0, instance:com.automationpractice.qa.testcases.ContactUsPageTest@7334aada]" started-at="2020-10-14T19:11:04 IST" name="setUp" finished-at="2020-10-14T19:11:16 IST" duration-ms="11303" status="PASS">
          <reporter-output>
          </reporter-output>
        </test-method> <!-- setUp -->
        <test-method signature="fillOutTheForm(java.lang.String, java.lang.String, java.lang.String)[pri:2, instance:com.automationpractice.qa.testcases.ContactUsPageTest@7334aada]" started-at="2020-10-14T19:11:16 IST" name="fillOutTheForm" data-provider="getSearchDataFromExcel" finished-at="2020-10-14T19:11:17 IST" duration-ms="1745" status="PASS">
          <params>
            <param index="0">
              <value>
                <![CDATA[xyz@gmail.com]]>
              </value>
            </param>
            <param index="1">
              <value>
                <![CDATA[123.0]]>
              </value>
            </param>
            <param index="2">
              <value>
                <![CDATA[great work]]>
              </value>
            </param>
          </params>
          <reporter-output>
          </reporter-output>
        </test-method> <!-- fillOutTheForm -->
        <test-method is-config="true" signature="closeBrowser()[pri:0, instance:com.automationpractice.qa.testcases.ContactUsPageTest@7334aada]" started-at="2020-10-14T19:11:17 IST" name="closeBrowser" finished-at="2020-10-14T19:11:18 IST" duration-ms="691" status="PASS">
          <reporter-output>
          </reporter-output>
        </test-method> <!-- closeBrowser -->
        <test-method is-config="true" signature="setUp()[pri:0, instance:com.automationpractice.qa.testcases.ContactUsPageTest@7334aada]" started-at="2020-10-14T19:11:18 IST" name="setUp" finished-at="2020-10-14T19:11:30 IST" duration-ms="11460" status="PASS">
          <reporter-output>
          </reporter-output>
        </test-method> <!-- setUp -->
        <test-method signature="fillOutTheForm(java.lang.String, java.lang.String, java.lang.String)[pri:2, instance:com.automationpractice.qa.testcases.ContactUsPageTest@7334aada]" started-at="2020-10-14T19:11:30 IST" name="fillOutTheForm" data-provider="getSearchDataFromExcel" finished-at="2020-10-14T19:11:31 IST" duration-ms="1715" status="PASS">
          <params>
            <param index="0">
              <value>
                <![CDATA[hello@hi.com]]>
              </value>
            </param>
            <param index="1">
              <value>
                <![CDATA[74584.0]]>
              </value>
            </param>
            <param index="2">
              <value>
                <![CDATA[I had an amazing experience using your website. Thanks!]]>
              </value>
            </param>
          </params>
          <reporter-output>
          </reporter-output>
        </test-method> <!-- fillOutTheForm -->
        <test-method is-config="true" signature="closeBrowser()[pri:0, instance:com.automationpractice.qa.testcases.ContactUsPageTest@7334aada]" started-at="2020-10-14T19:11:31 IST" name="closeBrowser" finished-at="2020-10-14T19:11:32 IST" duration-ms="684" status="PASS">
          <reporter-output>
          </reporter-output>
        </test-method> <!-- closeBrowser -->
        <test-method is-config="true" signature="setUp()[pri:0, instance:com.automationpractice.qa.testcases.ContactUsPageTest@7334aada]" started-at="2020-10-14T19:11:32 IST" name="setUp" finished-at="2020-10-14T19:11:44 IST" duration-ms="11564" status="PASS">
          <reporter-output>
          </reporter-output>
        </test-method> <!-- setUp -->
        <test-method signature="fillOutTheForm(java.lang.String, java.lang.String, java.lang.String)[pri:2, instance:com.automationpractice.qa.testcases.ContactUsPageTest@7334aada]" started-at="2020-10-14T19:11:44 IST" name="fillOutTheForm" data-provider="getSearchDataFromExcel" finished-at="2020-10-14T19:11:46 IST" duration-ms="2044" status="PASS">
          <params>
            <param index="0">
              <value>
                <![CDATA[automation@project.com]]>
              </value>
            </param>
            <param index="1">
              <value>
                <![CDATA[8.5474585E7]]>
              </value>
            </param>
            <param index="2">
              <value>
                <![CDATA[Very bad website!]]>
              </value>
            </param>
          </params>
          <reporter-output>
          </reporter-output>
        </test-method> <!-- fillOutTheForm -->
        <test-method is-config="true" signature="closeBrowser()[pri:0, instance:com.automationpractice.qa.testcases.ContactUsPageTest@7334aada]" started-at="2020-10-14T19:11:46 IST" name="closeBrowser" finished-at="2020-10-14T19:11:46 IST" duration-ms="683" status="PASS">
          <reporter-output>
          </reporter-output>
        </test-method> <!-- closeBrowser -->
      </class> <!-- com.automationpractice.qa.testcases.ContactUsPageTest -->
    </test> <!-- Command line test -->
  </suite> <!-- Command line suite -->
</testng-results>
