<?xml version="1.0" encoding="UTF-8"?>
<testng-results ignored="0" total="6" passed="6" failed="0" skipped="0">
  <reporter-output>
  </reporter-output>
  <suite started-at="2020-10-14T19:09:40 IST" name="Automation Practice Automation Suite" finished-at="2020-10-14T19:10:28 IST" duration-ms="47790">
    <groups>
    </groups>
    <test started-at="2020-10-14T19:09:40 IST" name="Automation Practice Application TestCases" finished-at="2020-10-14T19:10:28 IST" duration-ms="47790">
      <class name="com.automationpractice.qa.testcases.HomePageTest">
        <test-method is-config="true" signature="setUp()[pri:0, instance:com.automationpractice.qa.testcases.HomePageTest@1bb266b3]" started-at="2020-10-14T19:09:41 IST" name="setUp" finished-at="2020-10-14T19:09:52 IST" duration-ms="11072" status="PASS">
          <reporter-output>
          </reporter-output>
        </test-method> <!-- setUp -->
        <test-method signature="searchBoxTest(java.lang.String)[pri:0, instance:com.automationpractice.qa.testcases.HomePageTest@1bb266b3]" started-at="2020-10-14T19:09:52 IST" name="searchBoxTest" data-provider="getSearchDataFromExcel" finished-at="2020-10-14T19:09:53 IST" duration-ms="1246" status="PASS">
          <params>
            <param index="0">
              <value>
                <![CDATA[summer dress]]>
              </value>
            </param>
          </params>
          <reporter-output>
          </reporter-output>
        </test-method> <!-- searchBoxTest -->
        <test-method is-config="true" signature="closeBrowser()[pri:0, instance:com.automationpractice.qa.testcases.HomePageTest@1bb266b3]" started-at="2020-10-14T19:09:53 IST" name="closeBrowser" finished-at="2020-10-14T19:09:54 IST" duration-ms="668" status="PASS">
          <reporter-output>
          </reporter-output>
        </test-method> <!-- closeBrowser -->
        <test-method is-config="true" signature="setUp()[pri:0, instance:com.automationpractice.qa.testcases.HomePageTest@1bb266b3]" started-at="2020-10-14T19:09:54 IST" name="setUp" finished-at="2020-10-14T19:10:05 IST" duration-ms="11546" status="PASS">
          <reporter-output>
          </reporter-output>
        </test-method> <!-- setUp -->
        <test-method signature="contactUsTest()[pri:2, instance:com.automationpractice.qa.testcases.HomePageTest@1bb266b3]" started-at="2020-10-14T19:10:05 IST" name="contactUsTest" finished-at="2020-10-14T19:10:06 IST" duration-ms="918" status="PASS">
          <reporter-output>
          </reporter-output>
        </test-method> <!-- contactUsTest -->
        <test-method is-config="true" signature="closeBrowser()[pri:0, instance:com.automationpractice.qa.testcases.HomePageTest@1bb266b3]" started-at="2020-10-14T19:10:06 IST" name="closeBrowser" finished-at="2020-10-14T19:10:07 IST" duration-ms="674" status="PASS">
          <reporter-output>
          </reporter-output>
        </test-method> <!-- closeBrowser -->
      </class> <!-- com.automationpractice.qa.testcases.HomePageTest -->
      <class name="com.automationpractice.qa.testcases.SearchResultsPageTest">
        <test-method is-config="true" signature="setUp()[pri:0, instance:com.automationpractice.qa.testcases.SearchResultsPageTest@306cf3ea]" started-at="2020-10-14T19:10:07 IST" name="setUp" finished-at="2020-10-14T19:10:18 IST" duration-ms="11513" status="PASS">
          <reporter-output>
          </reporter-output>
        </test-method> <!-- setUp -->
        <test-method signature="searchForDress(java.lang.String)[pri:1, instance:com.automationpractice.qa.testcases.SearchResultsPageTest@306cf3ea]" started-at="2020-10-14T19:10:18 IST" name="searchForDress" data-provider="getSearchDataFromExcel" finished-at="2020-10-14T19:10:19 IST" duration-ms="921" status="PASS">
          <params>
            <param index="0">
              <value>
                <![CDATA[summer dress]]>
              </value>
            </param>
          </params>
          <reporter-output>
          </reporter-output>
        </test-method> <!-- searchForDress -->
        <test-method signature="addToCart()[pri:2, instance:com.automationpractice.qa.testcases.SearchResultsPageTest@306cf3ea]" started-at="2020-10-14T19:10:19 IST" name="addToCart" finished-at="2020-10-14T19:10:22 IST" duration-ms="2751" status="PASS">
          <reporter-output>
          </reporter-output>
        </test-method> <!-- addToCart -->
        <test-method signature="clickProceedToCart()[pri:3, instance:com.automationpractice.qa.testcases.SearchResultsPageTest@306cf3ea]" started-at="2020-10-14T19:10:22 IST" name="clickProceedToCart" finished-at="2020-10-14T19:10:24 IST" duration-ms="2065" status="PASS">
          <reporter-output>
          </reporter-output>
        </test-method> <!-- clickProceedToCart -->
        <test-method signature="increaseTheCartQuantity()[pri:4, instance:com.automationpractice.qa.testcases.SearchResultsPageTest@306cf3ea]" started-at="2020-10-14T19:10:24 IST" name="increaseTheCartQuantity" finished-at="2020-10-14T19:10:27 IST" duration-ms="3104" status="PASS">
          <reporter-output>
          </reporter-output>
        </test-method> <!-- increaseTheCartQuantity -->
        <test-method is-config="true" signature="closeBrowser()[pri:0, instance:com.automationpractice.qa.testcases.SearchResultsPageTest@306cf3ea]" started-at="2020-10-14T19:10:27 IST" name="closeBrowser" finished-at="2020-10-14T19:10:28 IST" duration-ms="690" status="PASS">
          <reporter-output>
          </reporter-output>
        </test-method> <!-- closeBrowser -->
      </class> <!-- com.automationpractice.qa.testcases.SearchResultsPageTest -->
    </test> <!-- Automation Practice Application TestCases -->
  </suite> <!-- Automation Practice Automation Suite -->
</testng-results>
